/usr/local/lib/python3.8/dist-packages/setuptools/dist.py:648: UserWarning: Usage of dash-separated 'script-dir' will not be supported in future versions. Please use the underscore name 'script_dir' instead
  warnings.warn(
/usr/local/lib/python3.8/dist-packages/setuptools/dist.py:648: UserWarning: Usage of dash-separated 'install-scripts' will not be supported in future versions. Please use the underscore name 'install_scripts' instead
  warnings.warn(
running egg_info
writing ../../build/example_python/example_python.egg-info/PKG-INFO
writing dependency_links to ../../build/example_python/example_python.egg-info/dependency_links.txt
writing entry points to ../../build/example_python/example_python.egg-info/entry_points.txt
writing requirements to ../../build/example_python/example_python.egg-info/requires.txt
writing top-level names to ../../build/example_python/example_python.egg-info/top_level.txt
reading manifest file '../../build/example_python/example_python.egg-info/SOURCES.txt'
writing manifest file '../../build/example_python/example_python.egg-info/SOURCES.txt'
running build
running build_py
running install
running install_lib
running install_data
running install_egg_info
removing '/home/ubuntu/specialtopics/install/example_python/lib/python3.8/site-packages/example_python-0.0.0-py3.8.egg-info' (and everything under it)
Copying ../../build/example_python/example_python.egg-info to /home/ubuntu/specialtopics/install/example_python/lib/python3.8/site-packages/example_python-0.0.0-py3.8.egg-info
running install_scripts
Installing example_helloworld_node script to /home/ubuntu/specialtopics/install/example_python/lib/example_python
Installing example_listener script to /home/ubuntu/specialtopics/install/example_python/lib/example_python
Installing example_talker script to /home/ubuntu/specialtopics/install/example_python/lib/example_python
writing list of installed files to '/home/ubuntu/specialtopics/build/example_python/install.log'
