[1.250s] Invoking command in '/home/ubuntu/specialtopics/src/example_python': PYTHONPATH=/home/ubuntu/specialtopics/install/example_python/lib/python3.8/site-packages:${PYTHONPATH} /usr/bin/python3 setup.py egg_info --egg-base ../../build/example_python build --build-base /home/ubuntu/specialtopics/build/example_python/build install --prefix /home/ubuntu/specialtopics/install/example_python --record /home/ubuntu/specialtopics/build/example_python/install.log --single-version-externally-managed
[2.198s] /usr/local/lib/python3.8/dist-packages/setuptools/dist.py:648: UserWarning: Usage of dash-separated 'script-dir' will not be supported in future versions. Please use the underscore name 'script_dir' instead
[2.199s]   warnings.warn(
[2.199s] /usr/local/lib/python3.8/dist-packages/setuptools/dist.py:648: UserWarning: Usage of dash-separated 'install-scripts' will not be supported in future versions. Please use the underscore name 'install_scripts' instead
[2.199s]   warnings.warn(
[2.321s] running egg_info
[2.324s] writing ../../build/example_python/example_python.egg-info/PKG-INFO
[2.325s] writing dependency_links to ../../build/example_python/example_python.egg-info/dependency_links.txt
[2.326s] writing entry points to ../../build/example_python/example_python.egg-info/entry_points.txt
[2.327s] writing requirements to ../../build/example_python/example_python.egg-info/requires.txt
[2.327s] writing top-level names to ../../build/example_python/example_python.egg-info/top_level.txt
[2.482s] reading manifest file '../../build/example_python/example_python.egg-info/SOURCES.txt'
[2.486s] writing manifest file '../../build/example_python/example_python.egg-info/SOURCES.txt'
[2.486s] running build
[2.487s] running build_py
[2.489s] running install
[2.492s] running install_lib
[2.498s] running install_data
[2.500s] running install_egg_info
[2.507s] removing '/home/ubuntu/specialtopics/install/example_python/lib/python3.8/site-packages/example_python-0.0.0-py3.8.egg-info' (and everything under it)
[2.508s] Copying ../../build/example_python/example_python.egg-info to /home/ubuntu/specialtopics/install/example_python/lib/python3.8/site-packages/example_python-0.0.0-py3.8.egg-info
[2.513s] running install_scripts
[2.583s] Installing example_helloworld_node script to /home/ubuntu/specialtopics/install/example_python/lib/example_python
[2.583s] Installing example_listener script to /home/ubuntu/specialtopics/install/example_python/lib/example_python
[2.584s] Installing example_talker script to /home/ubuntu/specialtopics/install/example_python/lib/example_python
[2.586s] writing list of installed files to '/home/ubuntu/specialtopics/build/example_python/install.log'
[2.690s] Invoked command in '/home/ubuntu/specialtopics/src/example_python' returned '0': PYTHONPATH=/home/ubuntu/specialtopics/install/example_python/lib/python3.8/site-packages:${PYTHONPATH} /usr/bin/python3 setup.py egg_info --egg-base ../../build/example_python build --build-base /home/ubuntu/specialtopics/build/example_python/build install --prefix /home/ubuntu/specialtopics/install/example_python --record /home/ubuntu/specialtopics/build/example_python/install.log --single-version-externally-managed
