/usr/local/lib/python3.8/dist-packages/setuptools/dist.py:648: UserWarning: Usage of dash-separated 'script-dir' will not be supported in future versions. Please use the underscore name 'script_dir' instead
  warnings.warn(
/usr/local/lib/python3.8/dist-packages/setuptools/dist.py:648: UserWarning: Usage of dash-separated 'install-scripts' will not be supported in future versions. Please use the underscore name 'install_scripts' instead
  warnings.warn(
running egg_info
writing ../../build/example_python/example_python.egg-info/PKG-INFO
writing dependency_links to ../../build/example_python/example_python.egg-info/dependency_links.txt
writing entry points to ../../build/example_python/example_python.egg-info/entry_points.txt
writing requirements to ../../build/example_python/example_python.egg-info/requires.txt
writing top-level names to ../../build/example_python/example_python.egg-info/top_level.txt
reading manifest file '../../build/example_python/example_python.egg-info/SOURCES.txt'
writing manifest file '../../build/example_python/example_python.egg-info/SOURCES.txt'
running build
running build_py
copying example_python/publisher_member_function.py -> /home/ubuntu/specialtopics/build/example_python/build/lib/example_python
copying example_python/subscriber_member_function.py -> /home/ubuntu/specialtopics/build/example_python/build/lib/example_python
running install
running install_lib
copying /home/ubuntu/specialtopics/build/example_python/build/lib/example_python/publisher_member_function.py -> /home/ubuntu/specialtopics/install/example_python/lib/python3.8/site-packages/example_python
copying /home/ubuntu/specialtopics/build/example_python/build/lib/example_python/subscriber_member_function.py -> /home/ubuntu/specialtopics/install/example_python/lib/python3.8/site-packages/example_python
byte-compiling /home/ubuntu/specialtopics/install/example_python/lib/python3.8/site-packages/example_python/publisher_member_function.py to publisher_member_function.cpython-38.pyc
byte-compiling /home/ubuntu/specialtopics/install/example_python/lib/python3.8/site-packages/example_python/subscriber_member_function.py to subscriber_member_function.cpython-38.pyc
running install_data
copying package.xml -> /home/ubuntu/specialtopics/install/example_python/share/example_python
running install_egg_info
removing '/home/ubuntu/specialtopics/install/example_python/lib/python3.8/site-packages/example_python-0.0.0-py3.8.egg-info' (and everything under it)
Copying ../../build/example_python/example_python.egg-info to /home/ubuntu/specialtopics/install/example_python/lib/python3.8/site-packages/example_python-0.0.0-py3.8.egg-info
running install_scripts
Traceback (most recent call last):
  File "setup.py", line 5, in <module>
    setup(
  File "/usr/local/lib/python3.8/dist-packages/setuptools/__init__.py", line 153, in setup
    return distutils.core.setup(**attrs)
  File "/usr/lib/python3.8/distutils/core.py", line 148, in setup
    dist.run_commands()
  File "/usr/lib/python3.8/distutils/dist.py", line 966, in run_commands
    self.run_command(cmd)
  File "/usr/lib/python3.8/distutils/dist.py", line 985, in run_command
    cmd_obj.run()
  File "/usr/local/lib/python3.8/dist-packages/setuptools/command/install.py", line 61, in run
    return orig.install.run(self)
  File "/usr/lib/python3.8/distutils/command/install.py", line 601, in run
    self.run_command(cmd_name)
  File "/usr/lib/python3.8/distutils/cmd.py", line 313, in run_command
    self.distribution.run_command(command)
  File "/usr/lib/python3.8/distutils/dist.py", line 985, in run_command
    cmd_obj.run()
  File "/usr/local/lib/python3.8/dist-packages/setuptools/command/install_scripts.py", line 52, in run
    for args in writer.get_args(dist, cmd.as_header()):
  File "/usr/local/lib/python3.8/dist-packages/setuptools/command/easy_install.py", line 2111, in get_args
    cls._ensure_safe_name(name)
  File "/usr/local/lib/python3.8/dist-packages/setuptools/command/easy_install.py", line 2124, in _ensure_safe_name
    raise ValueError("Path separators not allowed in script names")
ValueError: Path separators not allowed in script names
