running egg_info
writing ../../build/example_python/example_python.egg-info/PKG-INFO
writing dependency_links to ../../build/example_python/example_python.egg-info/dependency_links.txt
writing entry points to ../../build/example_python/example_python.egg-info/entry_points.txt
writing requirements to ../../build/example_python/example_python.egg-info/requires.txt
writing top-level names to ../../build/example_python/example_python.egg-info/top_level.txt
reading manifest file '../../build/example_python/example_python.egg-info/SOURCES.txt'
writing manifest file '../../build/example_python/example_python.egg-info/SOURCES.txt'
running build
running build_py
copying example_python/publisher_member_function.py -> /home/ubuntu/specialtopics/build/example_python/build/lib/example_python
copying example_python/subscriber_member_function.py -> /home/ubuntu/specialtopics/build/example_python/build/lib/example_python
running install
running install_lib
copying /home/ubuntu/specialtopics/build/example_python/build/lib/example_python/publisher_member_function.py -> /home/ubuntu/specialtopics/install/example_python/lib/python3.8/site-packages/example_python
copying /home/ubuntu/specialtopics/build/example_python/build/lib/example_python/subscriber_member_function.py -> /home/ubuntu/specialtopics/install/example_python/lib/python3.8/site-packages/example_python
byte-compiling /home/ubuntu/specialtopics/install/example_python/lib/python3.8/site-packages/example_python/publisher_member_function.py to publisher_member_function.cpython-38.pyc
byte-compiling /home/ubuntu/specialtopics/install/example_python/lib/python3.8/site-packages/example_python/subscriber_member_function.py to subscriber_member_function.cpython-38.pyc
running install_data
copying package.xml -> /home/ubuntu/specialtopics/install/example_python/share/example_python
running install_egg_info
removing '/home/ubuntu/specialtopics/install/example_python/lib/python3.8/site-packages/example_python-0.0.0-py3.8.egg-info' (and everything under it)
Copying ../../build/example_python/example_python.egg-info to /home/ubuntu/specialtopics/install/example_python/lib/python3.8/site-packages/example_python-0.0.0-py3.8.egg-info
running install_scripts
