[1.470s] Invoking command in '/home/ubuntu/specialtopics/src/example_python': PYTHONPATH=/home/ubuntu/specialtopics/install/example_python/lib/python3.8/site-packages:${PYTHONPATH} /usr/bin/python3 setup.py egg_info --egg-base ../../build/example_python build --build-base /home/ubuntu/specialtopics/build/example_python/build install --prefix /home/ubuntu/specialtopics/install/example_python --record /home/ubuntu/specialtopics/build/example_python/install.log --single-version-externally-managed
[2.435s] /usr/local/lib/python3.8/dist-packages/setuptools/dist.py:648: UserWarning: Usage of dash-separated 'script-dir' will not be supported in future versions. Please use the underscore name 'script_dir' instead
[2.435s]   warnings.warn(
[2.436s] /usr/local/lib/python3.8/dist-packages/setuptools/dist.py:648: UserWarning: Usage of dash-separated 'install-scripts' will not be supported in future versions. Please use the underscore name 'install_scripts' instead
[2.437s]   warnings.warn(
[2.566s] running egg_info
[2.569s] writing ../../build/example_python/example_python.egg-info/PKG-INFO
[2.570s] writing dependency_links to ../../build/example_python/example_python.egg-info/dependency_links.txt
[2.571s] writing entry points to ../../build/example_python/example_python.egg-info/entry_points.txt
[2.572s] writing requirements to ../../build/example_python/example_python.egg-info/requires.txt
[2.572s] writing top-level names to ../../build/example_python/example_python.egg-info/top_level.txt
[2.722s] reading manifest file '../../build/example_python/example_python.egg-info/SOURCES.txt'
[2.726s] writing manifest file '../../build/example_python/example_python.egg-info/SOURCES.txt'
[2.726s] running build
[2.727s] running build_py
[2.727s] copying example_python/publisher_member_function.py -> /home/ubuntu/specialtopics/build/example_python/build/lib/example_python
[2.728s] copying example_python/subscriber_member_function.py -> /home/ubuntu/specialtopics/build/example_python/build/lib/example_python
[2.730s] running install
[2.733s] running install_lib
[2.737s] copying /home/ubuntu/specialtopics/build/example_python/build/lib/example_python/publisher_member_function.py -> /home/ubuntu/specialtopics/install/example_python/lib/python3.8/site-packages/example_python
[2.738s] copying /home/ubuntu/specialtopics/build/example_python/build/lib/example_python/subscriber_member_function.py -> /home/ubuntu/specialtopics/install/example_python/lib/python3.8/site-packages/example_python
[2.744s] byte-compiling /home/ubuntu/specialtopics/install/example_python/lib/python3.8/site-packages/example_python/publisher_member_function.py to publisher_member_function.cpython-38.pyc
[2.745s] byte-compiling /home/ubuntu/specialtopics/install/example_python/lib/python3.8/site-packages/example_python/subscriber_member_function.py to subscriber_member_function.cpython-38.pyc
[2.747s] running install_data
[2.749s] copying package.xml -> /home/ubuntu/specialtopics/install/example_python/share/example_python
[2.750s] running install_egg_info
[2.756s] removing '/home/ubuntu/specialtopics/install/example_python/lib/python3.8/site-packages/example_python-0.0.0-py3.8.egg-info' (and everything under it)
[2.758s] Copying ../../build/example_python/example_python.egg-info to /home/ubuntu/specialtopics/install/example_python/lib/python3.8/site-packages/example_python-0.0.0-py3.8.egg-info
[2.763s] running install_scripts
[3.240s] Traceback (most recent call last):
[3.241s]   File "setup.py", line 5, in <module>
[3.241s]     setup(
[3.242s]   File "/usr/local/lib/python3.8/dist-packages/setuptools/__init__.py", line 153, in setup
[3.242s]     return distutils.core.setup(**attrs)
[3.243s]   File "/usr/lib/python3.8/distutils/core.py", line 148, in setup
[3.243s]     dist.run_commands()
[3.244s]   File "/usr/lib/python3.8/distutils/dist.py", line 966, in run_commands
[3.246s]     self.run_command(cmd)
[3.247s]   File "/usr/lib/python3.8/distutils/dist.py", line 985, in run_command
[3.247s]     cmd_obj.run()
[3.248s]   File "/usr/local/lib/python3.8/dist-packages/setuptools/command/install.py", line 61, in run
[3.248s]     return orig.install.run(self)
[3.249s]   File "/usr/lib/python3.8/distutils/command/install.py", line 601, in run
[3.250s]     self.run_command(cmd_name)
[3.250s]   File "/usr/lib/python3.8/distutils/cmd.py", line 313, in run_command
[3.252s]     self.distribution.run_command(command)
[3.254s]   File "/usr/lib/python3.8/distutils/dist.py", line 985, in run_command
[3.256s]     cmd_obj.run()
[3.256s]   File "/usr/local/lib/python3.8/dist-packages/setuptools/command/install_scripts.py", line 52, in run
[3.257s]     for args in writer.get_args(dist, cmd.as_header()):
[3.257s]   File "/usr/local/lib/python3.8/dist-packages/setuptools/command/easy_install.py", line 2111, in get_args
[3.259s]     cls._ensure_safe_name(name)
[3.260s]   File "/usr/local/lib/python3.8/dist-packages/setuptools/command/easy_install.py", line 2124, in _ensure_safe_name
[3.261s]     raise ValueError("Path separators not allowed in script names")
[3.263s] ValueError: Path separators not allowed in script names
[3.415s] Invoked command in '/home/ubuntu/specialtopics/src/example_python' returned '1': PYTHONPATH=/home/ubuntu/specialtopics/install/example_python/lib/python3.8/site-packages:${PYTHONPATH} /usr/bin/python3 setup.py egg_info --egg-base ../../build/example_python build --build-base /home/ubuntu/specialtopics/build/example_python/build install --prefix /home/ubuntu/specialtopics/install/example_python --record /home/ubuntu/specialtopics/build/example_python/install.log --single-version-externally-managed
