[1.380s] DEBUG:colcon:Command line arguments: ['/usr/bin/colcon', 'build']
[1.380s] DEBUG:colcon:Parsed command line arguments: Namespace(ament_cmake_args=None, base_paths=['.'], build_base='build', catkin_cmake_args=None, catkin_skip_building_tests=False, cmake_args=None, cmake_clean_cache=False, cmake_clean_first=False, cmake_force_configure=False, cmake_target=None, cmake_target_skip_unavailable=False, continue_on_error=False, event_handlers=None, executor='parallel', ignore_user_meta=False, install_base='install', log_base=None, log_level=None, main=<bound method BuildVerb.main of <colcon_core.verb.build.BuildVerb object at 0xffffb251d0a0>>, merge_install=False, metas=['./colcon.meta'], packages_above=None, packages_above_and_dependencies=None, packages_above_depth=None, packages_end=None, packages_ignore=None, packages_ignore_regex=None, packages_select=None, packages_select_build_failed=False, packages_select_by_dep=None, packages_select_regex=None, packages_select_test_failures=False, packages_skip=None, packages_skip_build_finished=False, packages_skip_by_dep=None, packages_skip_regex=None, packages_skip_test_passed=False, packages_skip_up_to=None, packages_start=None, packages_up_to=None, packages_up_to_regex=None, parallel_workers=4, paths=None, symlink_install=False, test_result_base=None, verb_extension=<colcon_core.verb.build.BuildVerb object at 0xffffb251d0a0>, verb_name='build', verb_parser=<colcon_defaults.argument_parser.defaults.DefaultArgumentsDecorator object at 0xffffb251d5e0>)
[1.404s] Level 1:colcon.colcon_core.package_discovery:discover_packages(colcon_meta) check parameters
[1.404s] Level 1:colcon.colcon_core.package_discovery:discover_packages(recursive) check parameters
[1.405s] Level 1:colcon.colcon_core.package_discovery:discover_packages(ignore) check parameters
[1.405s] Level 1:colcon.colcon_core.package_discovery:discover_packages(path) check parameters
[1.405s] Level 1:colcon.colcon_core.package_discovery:discover_packages(colcon_meta) discover
[1.405s] Level 1:colcon.colcon_core.package_discovery:discover_packages(recursive) discover
[1.405s] INFO:colcon.colcon_core.package_discovery:Crawling recursively for packages in '/home/ubuntu/specialtopics'
[1.406s] Level 1:colcon.colcon_core.package_identification:_identify(.) by extensions ['ignore', 'ignore_ament_install']
[1.406s] Level 1:colcon.colcon_core.package_identification:_identify(.) by extension 'ignore'
[1.406s] Level 1:colcon.colcon_core.package_identification:_identify(.) by extension 'ignore_ament_install'
[1.407s] Level 1:colcon.colcon_core.package_identification:_identify(.) by extensions ['colcon_pkg']
[1.407s] Level 1:colcon.colcon_core.package_identification:_identify(.) by extension 'colcon_pkg'
[1.407s] Level 1:colcon.colcon_core.package_identification:_identify(.) by extensions ['colcon_meta']
[1.407s] Level 1:colcon.colcon_core.package_identification:_identify(.) by extension 'colcon_meta'
[1.407s] Level 1:colcon.colcon_core.package_identification:_identify(.) by extensions ['ros']
[1.407s] Level 1:colcon.colcon_core.package_identification:_identify(.) by extension 'ros'
[1.452s] Level 1:colcon.colcon_core.package_identification:_identify(.) by extensions ['cmake', 'python']
[1.452s] Level 1:colcon.colcon_core.package_identification:_identify(.) by extension 'cmake'
[1.453s] Level 1:colcon.colcon_core.package_identification:_identify(.) by extension 'python'
[1.453s] Level 1:colcon.colcon_core.package_identification:_identify(.) by extensions ['python_setup_py']
[1.453s] Level 1:colcon.colcon_core.package_identification:_identify(.) by extension 'python_setup_py'
[1.453s] Level 1:colcon.colcon_core.package_identification:_identify(build) by extensions ['ignore', 'ignore_ament_install']
[1.454s] Level 1:colcon.colcon_core.package_identification:_identify(build) by extension 'ignore'
[1.454s] Level 1:colcon.colcon_core.package_identification:_identify(build) ignored
[1.455s] Level 1:colcon.colcon_core.package_identification:_identify(install) by extensions ['ignore', 'ignore_ament_install']
[1.455s] Level 1:colcon.colcon_core.package_identification:_identify(install) by extension 'ignore'
[1.455s] Level 1:colcon.colcon_core.package_identification:_identify(install) ignored
[1.456s] Level 1:colcon.colcon_core.package_identification:_identify(log) by extensions ['ignore', 'ignore_ament_install']
[1.456s] Level 1:colcon.colcon_core.package_identification:_identify(log) by extension 'ignore'
[1.456s] Level 1:colcon.colcon_core.package_identification:_identify(log) ignored
[1.457s] Level 1:colcon.colcon_core.package_identification:_identify(src) by extensions ['ignore', 'ignore_ament_install']
[1.457s] Level 1:colcon.colcon_core.package_identification:_identify(src) by extension 'ignore'
[1.457s] Level 1:colcon.colcon_core.package_identification:_identify(src) by extension 'ignore_ament_install'
[1.457s] Level 1:colcon.colcon_core.package_identification:_identify(src) by extensions ['colcon_pkg']
[1.457s] Level 1:colcon.colcon_core.package_identification:_identify(src) by extension 'colcon_pkg'
[1.458s] Level 1:colcon.colcon_core.package_identification:_identify(src) by extensions ['colcon_meta']
[1.458s] Level 1:colcon.colcon_core.package_identification:_identify(src) by extension 'colcon_meta'
[1.458s] Level 1:colcon.colcon_core.package_identification:_identify(src) by extensions ['ros']
[1.458s] Level 1:colcon.colcon_core.package_identification:_identify(src) by extension 'ros'
[1.458s] Level 1:colcon.colcon_core.package_identification:_identify(src) by extensions ['cmake', 'python']
[1.459s] Level 1:colcon.colcon_core.package_identification:_identify(src) by extension 'cmake'
[1.459s] Level 1:colcon.colcon_core.package_identification:_identify(src) by extension 'python'
[1.459s] Level 1:colcon.colcon_core.package_identification:_identify(src) by extensions ['python_setup_py']
[1.459s] Level 1:colcon.colcon_core.package_identification:_identify(src) by extension 'python_setup_py'
[1.460s] Level 1:colcon.colcon_core.package_identification:_identify(src/example_python) by extensions ['ignore', 'ignore_ament_install']
[1.460s] Level 1:colcon.colcon_core.package_identification:_identify(src/example_python) by extension 'ignore'
[1.460s] Level 1:colcon.colcon_core.package_identification:_identify(src/example_python) by extension 'ignore_ament_install'
[1.460s] Level 1:colcon.colcon_core.package_identification:_identify(src/example_python) by extensions ['colcon_pkg']
[1.460s] Level 1:colcon.colcon_core.package_identification:_identify(src/example_python) by extension 'colcon_pkg'
[1.461s] Level 1:colcon.colcon_core.package_identification:_identify(src/example_python) by extensions ['colcon_meta']
[1.461s] Level 1:colcon.colcon_core.package_identification:_identify(src/example_python) by extension 'colcon_meta'
[1.461s] Level 1:colcon.colcon_core.package_identification:_identify(src/example_python) by extensions ['ros']
[1.461s] Level 1:colcon.colcon_core.package_identification:_identify(src/example_python) by extension 'ros'
[1.470s] DEBUG:colcon.colcon_core.package_identification:Package 'src/example_python' with type 'ros.ament_python' and name 'example_python'
[1.470s] Level 1:colcon.colcon_core.package_discovery:discover_packages(recursive) using defaults
[1.470s] Level 1:colcon.colcon_core.package_discovery:discover_packages(ignore) discover
[1.470s] Level 1:colcon.colcon_core.package_discovery:discover_packages(ignore) using defaults
[1.470s] Level 1:colcon.colcon_core.package_discovery:discover_packages(path) discover
[1.470s] Level 1:colcon.colcon_core.package_discovery:discover_packages(path) using defaults
[1.568s] Level 5:colcon.colcon_core.verb:set package 'example_python' build argument 'cmake_args' from command line to 'None'
[1.568s] Level 5:colcon.colcon_core.verb:set package 'example_python' build argument 'cmake_target' from command line to 'None'
[1.568s] Level 5:colcon.colcon_core.verb:set package 'example_python' build argument 'cmake_target_skip_unavailable' from command line to 'False'
[1.568s] Level 5:colcon.colcon_core.verb:set package 'example_python' build argument 'cmake_clean_cache' from command line to 'False'
[1.568s] Level 5:colcon.colcon_core.verb:set package 'example_python' build argument 'cmake_clean_first' from command line to 'False'
[1.569s] Level 5:colcon.colcon_core.verb:set package 'example_python' build argument 'cmake_force_configure' from command line to 'False'
[1.569s] Level 5:colcon.colcon_core.verb:set package 'example_python' build argument 'ament_cmake_args' from command line to 'None'
[1.569s] Level 5:colcon.colcon_core.verb:set package 'example_python' build argument 'catkin_cmake_args' from command line to 'None'
[1.569s] Level 5:colcon.colcon_core.verb:set package 'example_python' build argument 'catkin_skip_building_tests' from command line to 'False'
[1.569s] DEBUG:colcon.colcon_core.verb:Building package 'example_python' with the following arguments: {'ament_cmake_args': None, 'build_base': '/home/ubuntu/specialtopics/build/example_python', 'catkin_cmake_args': None, 'catkin_skip_building_tests': False, 'cmake_args': None, 'cmake_clean_cache': False, 'cmake_clean_first': False, 'cmake_force_configure': False, 'cmake_target': None, 'cmake_target_skip_unavailable': False, 'install_base': '/home/ubuntu/specialtopics/install/example_python', 'merge_install': False, 'path': '/home/ubuntu/specialtopics/src/example_python', 'symlink_install': False, 'test_result_base': None}
[1.571s] INFO:colcon.colcon_core.executor:Executing jobs using 'parallel' executor
[1.579s] DEBUG:colcon.colcon_parallel_executor.executor.parallel:run_until_complete
[1.580s] INFO:colcon.colcon_ros.task.ament_python.build:Building ROS package in '/home/ubuntu/specialtopics/src/example_python' with build type 'ament_python'
[1.581s] Level 1:colcon.colcon_core.shell:create_environment_hook('example_python', 'ament_prefix_path')
[1.597s] INFO:colcon.colcon_core.plugin_system:Skipping extension 'colcon_core.shell.bat': Not used on non-Windows systems
[1.598s] INFO:colcon.colcon_core.shell:Creating environment hook '/home/ubuntu/specialtopics/install/example_python/share/example_python/hook/ament_prefix_path.ps1'
[1.601s] INFO:colcon.colcon_core.shell:Creating environment descriptor '/home/ubuntu/specialtopics/install/example_python/share/example_python/hook/ament_prefix_path.dsv'
[1.604s] INFO:colcon.colcon_core.shell:Creating environment hook '/home/ubuntu/specialtopics/install/example_python/share/example_python/hook/ament_prefix_path.sh'
[1.610s] INFO:colcon.colcon_core.shell:Skip shell extension 'powershell' for command environment: Not usable outside of PowerShell
[1.611s] DEBUG:colcon.colcon_core.shell:Skip shell extension 'dsv' for command environment
[1.627s] DEBUG:colcon.colcon_core.shell:Ignoring prefix path '/opt/ros/foxy'
[2.790s] INFO:colcon.colcon_core.task.python.build:Building Python package in '/home/ubuntu/specialtopics/src/example_python'
[2.795s] INFO:colcon.colcon_core.shell:Skip shell extension 'powershell' for command environment: Not usable outside of PowerShell
[2.795s] DEBUG:colcon.colcon_core.shell:Skip shell extension 'dsv' for command environment
[2.804s] DEBUG:colcon.colcon_core.shell:Ignoring prefix path '/opt/ros/foxy'
[2.832s] DEBUG:colcon.colcon_core.event_handler.log_command:Invoking command in '/home/ubuntu/specialtopics/src/example_python': PYTHONPATH=/home/ubuntu/specialtopics/install/example_python/lib/python3.8/site-packages:${PYTHONPATH} /usr/bin/python3 setup.py egg_info --egg-base ../../build/example_python build --build-base /home/ubuntu/specialtopics/build/example_python/build install --prefix /home/ubuntu/specialtopics/install/example_python --record /home/ubuntu/specialtopics/build/example_python/install.log --single-version-externally-managed
[4.272s] DEBUG:colcon.colcon_core.event_handler.log_command:Invoked command in '/home/ubuntu/specialtopics/src/example_python' returned '0': PYTHONPATH=/home/ubuntu/specialtopics/install/example_python/lib/python3.8/site-packages:${PYTHONPATH} /usr/bin/python3 setup.py egg_info --egg-base ../../build/example_python build --build-base /home/ubuntu/specialtopics/build/example_python/build install --prefix /home/ubuntu/specialtopics/install/example_python --record /home/ubuntu/specialtopics/build/example_python/install.log --single-version-externally-managed
[4.285s] Level 1:colcon.colcon_core.environment:checking '/home/ubuntu/specialtopics/install/example_python' for CMake module files
[4.288s] Level 1:colcon.colcon_core.environment:checking '/home/ubuntu/specialtopics/install/example_python' for CMake config files
[4.292s] Level 1:colcon.colcon_core.environment:checking '/home/ubuntu/specialtopics/install/example_python/lib'
[4.293s] Level 1:colcon.colcon_core.environment:checking '/home/ubuntu/specialtopics/install/example_python/bin'
[4.293s] Level 1:colcon.colcon_core.environment:checking '/home/ubuntu/specialtopics/install/example_python/lib/pkgconfig/example_python.pc'
[4.294s] Level 1:colcon.colcon_core.environment:checking '/home/ubuntu/specialtopics/install/example_python/lib/python3.8/site-packages'
[4.294s] Level 1:colcon.colcon_core.shell:create_environment_hook('example_python', 'pythonpath')
[4.296s] INFO:colcon.colcon_core.shell:Creating environment hook '/home/ubuntu/specialtopics/install/example_python/share/example_python/hook/pythonpath.ps1'
[4.299s] INFO:colcon.colcon_core.shell:Creating environment descriptor '/home/ubuntu/specialtopics/install/example_python/share/example_python/hook/pythonpath.dsv'
[4.301s] INFO:colcon.colcon_core.shell:Creating environment hook '/home/ubuntu/specialtopics/install/example_python/share/example_python/hook/pythonpath.sh'
[4.303s] Level 1:colcon.colcon_core.environment:create_environment_scripts_only(example_python)
[4.306s] INFO:colcon.colcon_core.shell:Creating package script '/home/ubuntu/specialtopics/install/example_python/share/example_python/package.ps1'
[4.311s] INFO:colcon.colcon_core.shell:Creating package descriptor '/home/ubuntu/specialtopics/install/example_python/share/example_python/package.dsv'
[4.315s] INFO:colcon.colcon_core.shell:Creating package script '/home/ubuntu/specialtopics/install/example_python/share/example_python/package.sh'
[4.319s] INFO:colcon.colcon_core.shell:Creating package script '/home/ubuntu/specialtopics/install/example_python/share/example_python/package.bash'
[4.322s] INFO:colcon.colcon_core.shell:Creating package script '/home/ubuntu/specialtopics/install/example_python/share/example_python/package.zsh'
[4.325s] Level 1:colcon.colcon_core.environment:create_file_with_runtime_dependencies(/home/ubuntu/specialtopics/install/example_python/share/colcon-core/packages/example_python)
[4.329s] DEBUG:colcon.colcon_parallel_executor.executor.parallel:closing loop
[4.332s] DEBUG:colcon.colcon_parallel_executor.executor.parallel:loop closed
[4.333s] DEBUG:colcon.colcon_parallel_executor.executor.parallel:run_until_complete finished with '0'
[4.333s] DEBUG:colcon.colcon_core.event_reactor:joining thread
[4.358s] INFO:colcon.colcon_core.plugin_system:Skipping extension 'colcon_notification.desktop_notification.terminal_notifier': Not used on non-Darwin systems
[4.358s] INFO:colcon.colcon_core.plugin_system:Skipping extension 'colcon_notification.desktop_notification.win32': Not used on non-Windows systems
[4.359s] INFO:colcon.colcon_notification.desktop_notification:Sending desktop notification using 'notify2'
[4.437s] DEBUG:colcon.colcon_core.event_reactor:joined thread
[4.440s] INFO:colcon.colcon_core.shell:Creating prefix script '/home/ubuntu/specialtopics/install/local_setup.ps1'
[4.445s] INFO:colcon.colcon_core.shell:Creating prefix util module '/home/ubuntu/specialtopics/install/_local_setup_util_ps1.py'
[4.451s] INFO:colcon.colcon_core.shell:Creating prefix chain script '/home/ubuntu/specialtopics/install/setup.ps1'
[4.462s] INFO:colcon.colcon_core.shell:Creating prefix script '/home/ubuntu/specialtopics/install/local_setup.sh'
[4.465s] INFO:colcon.colcon_core.shell:Creating prefix util module '/home/ubuntu/specialtopics/install/_local_setup_util_sh.py'
[4.468s] INFO:colcon.colcon_core.shell:Creating prefix chain script '/home/ubuntu/specialtopics/install/setup.sh'
[4.480s] INFO:colcon.colcon_core.shell:Creating prefix script '/home/ubuntu/specialtopics/install/local_setup.bash'
[4.483s] INFO:colcon.colcon_core.shell:Creating prefix chain script '/home/ubuntu/specialtopics/install/setup.bash'
[4.499s] INFO:colcon.colcon_core.shell:Creating prefix script '/home/ubuntu/specialtopics/install/local_setup.zsh'
[4.501s] INFO:colcon.colcon_core.shell:Creating prefix chain script '/home/ubuntu/specialtopics/install/setup.zsh'
