/usr/local/lib/python3.8/dist-packages/setuptools/dist.py:648: UserWarning: Usage of dash-separated 'script-dir' will not be supported in future versions. Please use the underscore name 'script_dir' instead
  warnings.warn(
/usr/local/lib/python3.8/dist-packages/setuptools/dist.py:648: UserWarning: Usage of dash-separated 'install-scripts' will not be supported in future versions. Please use the underscore name 'install_scripts' instead
  warnings.warn(
running egg_info
creating ../../build/example_python/example_python.egg-info
writing ../../build/example_python/example_python.egg-info/PKG-INFO
writing dependency_links to ../../build/example_python/example_python.egg-info/dependency_links.txt
writing entry points to ../../build/example_python/example_python.egg-info/entry_points.txt
writing requirements to ../../build/example_python/example_python.egg-info/requires.txt
writing top-level names to ../../build/example_python/example_python.egg-info/top_level.txt
writing manifest file '../../build/example_python/example_python.egg-info/SOURCES.txt'
reading manifest file '../../build/example_python/example_python.egg-info/SOURCES.txt'
writing manifest file '../../build/example_python/example_python.egg-info/SOURCES.txt'
running build
running build_py
creating /home/ubuntu/specialtopics/build/example_python/build
creating /home/ubuntu/specialtopics/build/example_python/build/lib
creating /home/ubuntu/specialtopics/build/example_python/build/lib/example_python
copying example_python/__init__.py -> /home/ubuntu/specialtopics/build/example_python/build/lib/example_python
copying example_python/helloworld_node.py -> /home/ubuntu/specialtopics/build/example_python/build/lib/example_python
running install
running install_lib
creating /home/ubuntu/specialtopics/install/example_python/lib/python3.8/site-packages/example_python
copying /home/ubuntu/specialtopics/build/example_python/build/lib/example_python/__init__.py -> /home/ubuntu/specialtopics/install/example_python/lib/python3.8/site-packages/example_python
copying /home/ubuntu/specialtopics/build/example_python/build/lib/example_python/helloworld_node.py -> /home/ubuntu/specialtopics/install/example_python/lib/python3.8/site-packages/example_python
byte-compiling /home/ubuntu/specialtopics/install/example_python/lib/python3.8/site-packages/example_python/__init__.py to __init__.cpython-38.pyc
byte-compiling /home/ubuntu/specialtopics/install/example_python/lib/python3.8/site-packages/example_python/helloworld_node.py to helloworld_node.cpython-38.pyc
running install_data
creating /home/ubuntu/specialtopics/install/example_python/share/ament_index
creating /home/ubuntu/specialtopics/install/example_python/share/ament_index/resource_index
creating /home/ubuntu/specialtopics/install/example_python/share/ament_index/resource_index/packages
copying resource/example_python -> /home/ubuntu/specialtopics/install/example_python/share/ament_index/resource_index/packages
copying package.xml -> /home/ubuntu/specialtopics/install/example_python/share/example_python
running install_egg_info
Copying ../../build/example_python/example_python.egg-info to /home/ubuntu/specialtopics/install/example_python/lib/python3.8/site-packages/example_python-0.0.0-py3.8.egg-info
running install_scripts
Installing helloworld_node script to /home/ubuntu/specialtopics/install/example_python/lib/example_python
writing list of installed files to '/home/ubuntu/specialtopics/build/example_python/install.log'
