/home/ubuntu/specialtopics/install/example_python/lib/python3.8/site-packages/example_python/publisher_member_function.py
/home/ubuntu/specialtopics/install/example_python/lib/python3.8/site-packages/example_python/__init__.py
/home/ubuntu/specialtopics/install/example_python/lib/python3.8/site-packages/example_python/subscriber_member_function.py
/home/ubuntu/specialtopics/install/example_python/lib/python3.8/site-packages/example_python/helloworld_node.py
/home/ubuntu/specialtopics/install/example_python/lib/python3.8/site-packages/example_python/__pycache__/publisher_member_function.cpython-38.pyc
/home/ubuntu/specialtopics/install/example_python/lib/python3.8/site-packages/example_python/__pycache__/__init__.cpython-38.pyc
/home/ubuntu/specialtopics/install/example_python/lib/python3.8/site-packages/example_python/__pycache__/subscriber_member_function.cpython-38.pyc
/home/ubuntu/specialtopics/install/example_python/lib/python3.8/site-packages/example_python/__pycache__/helloworld_node.cpython-38.pyc
/home/ubuntu/specialtopics/install/example_python/share/ament_index/resource_index/packages/example_python
/home/ubuntu/specialtopics/install/example_python/share/example_python/package.xml
/home/ubuntu/specialtopics/install/example_python/lib/python3.8/site-packages/example_python-0.0.0-py3.8.egg-info/SOURCES.txt
/home/ubuntu/specialtopics/install/example_python/lib/python3.8/site-packages/example_python-0.0.0-py3.8.egg-info/top_level.txt
/home/ubuntu/specialtopics/install/example_python/lib/python3.8/site-packages/example_python-0.0.0-py3.8.egg-info/requires.txt
/home/ubuntu/specialtopics/install/example_python/lib/python3.8/site-packages/example_python-0.0.0-py3.8.egg-info/zip-safe
/home/ubuntu/specialtopics/install/example_python/lib/python3.8/site-packages/example_python-0.0.0-py3.8.egg-info/dependency_links.txt
/home/ubuntu/specialtopics/install/example_python/lib/python3.8/site-packages/example_python-0.0.0-py3.8.egg-info/PKG-INFO
/home/ubuntu/specialtopics/install/example_python/lib/python3.8/site-packages/example_python-0.0.0-py3.8.egg-info/entry_points.txt
/home/ubuntu/specialtopics/install/example_python/lib/example_python/example_helloworld_node
/home/ubuntu/specialtopics/install/example_python/lib/example_python/example_listener
/home/ubuntu/specialtopics/install/example_python/lib/example_python/example_talker
